<?xml version="1.0" encoding="UTF-8"?>
<testsuite name="com.jojoldu.book.springboot.web.HelloControllerTest" tests="2" skipped="0" failures="0" errors="0" timestamp="2020-06-14T08:39:35" hostname="DESKTOP-OCPV122" time="5.91">
  <properties/>
  <testcase name="hello가_리턴된다" classname="com.jojoldu.book.springboot.web.HelloControllerTest" time="4.905"/>
  <testcase name="helloDto가_리턴된다" classname="com.jojoldu.book.springboot.web.HelloControllerTest" time="1.003"/>
  <system-out><![CDATA[2020-06-14 17:39:18.155  INFO 52896 --- [    Test worker] .b.t.a.w.s.WebMvcTestContextBootstrapper : Neither @ContextConfiguration nor @ContextHierarchy found for test class [com.jojoldu.book.springboot.web.HelloControllerTest], using SpringBootContextLoader
2020-06-14 17:39:18.160  INFO 52896 --- [    Test worker] o.s.t.c.support.AbstractContextLoader    : Could not detect default resource locations for test class [com.jojoldu.book.springboot.web.HelloControllerTest]: no resource found for suffixes {-context.xml, Context.groovy}.
2020-06-14 17:39:18.161  INFO 52896 --- [    Test worker] t.c.s.AnnotationConfigContextLoaderUtils : Could not detect default configuration classes for test class [com.jojoldu.book.springboot.web.HelloControllerTest]: HelloControllerTest does not declare any static, non-private, non-final, nested classes annotated with @Configuration.
2020-06-14 17:39:18.339  INFO 52896 --- [    Test worker] .b.t.c.SpringBootTestContextBootstrapper : Found @SpringBootConfiguration com.jojoldu.book.springboot.Application for test class com.jojoldu.book.springboot.web.HelloControllerTest
2020-06-14 17:39:18.341  INFO 52896 --- [    Test worker] .b.t.a.w.s.WebMvcTestContextBootstrapper : Loaded default TestExecutionListener class names from location [META-INF/spring.factories]: [org.springframework.security.test.context.support.WithSecurityContextTestExecutionListener, org.springframework.security.test.context.support.ReactorContextTestExecutionListener, org.springframework.boot.test.autoconfigure.restdocs.RestDocsTestExecutionListener, org.springframework.boot.test.autoconfigure.web.client.MockRestServiceServerResetTestExecutionListener, org.springframework.boot.test.autoconfigure.web.servlet.MockMvcPrintOnlyOnFailureTestExecutionListener, org.springframework.boot.test.autoconfigure.web.servlet.WebDriverTestExecutionListener, org.springframework.boot.test.mock.mockito.MockitoTestExecutionListener, org.springframework.boot.test.mock.mockito.ResetMocksTestExecutionListener, org.springframework.test.context.web.ServletTestExecutionListener, org.springframework.test.context.support.DirtiesContextBeforeModesTestExecutionListener, org.springframework.test.context.support.DependencyInjectionTestExecutionListener, org.springframework.test.context.support.DirtiesContextTestExecutionListener, org.springframework.test.context.transaction.TransactionalTestExecutionListener, org.springframework.test.context.jdbc.SqlScriptsTestExecutionListener]
2020-06-14 17:39:18.345  INFO 52896 --- [    Test worker] .b.t.a.w.s.WebMvcTestContextBootstrapper : Using TestExecutionListeners: [org.springframework.test.context.web.ServletTestExecutionListener@36849605, org.springframework.test.context.support.DirtiesContextBeforeModesTestExecutionListener@515d6164, org.springframework.boot.test.mock.mockito.MockitoTestExecutionListener@4426e5ad, org.springframework.boot.test.autoconfigure.SpringBootDependencyInjectionTestExecutionListener@33026299, org.springframework.test.context.support.DirtiesContextTestExecutionListener@21a4ee42, org.springframework.test.context.transaction.TransactionalTestExecutionListener@1b48ed53, org.springframework.test.context.jdbc.SqlScriptsTestExecutionListener@68b0681a, org.springframework.security.test.context.support.WithSecurityContextTestExecutionListener@4886c93f, org.springframework.security.test.context.support.ReactorContextTestExecutionListener@4ed6f893, org.springframework.boot.test.autoconfigure.restdocs.RestDocsTestExecutionListener@12a8a66f, org.springframework.boot.test.autoconfigure.web.client.MockRestServiceServerResetTestExecutionListener@7933ec98, org.springframework.boot.test.autoconfigure.web.servlet.MockMvcPrintOnlyOnFailureTestExecutionListener@7021db0, org.springframework.boot.test.autoconfigure.web.servlet.WebDriverTestExecutionListener@7ee97fa3, org.springframework.boot.test.mock.mockito.ResetMocksTestExecutionListener@292535cf]

  .   ____          _            __ _ _
 /\\ / ___'_ __ _ _(_)_ __  __ _ \ \ \ \
( ( )\___ | '_ | '_| | '_ \/ _` | \ \ \ \
 \\/  ___)| |_)| | | | | || (_| |  ) ) ) )
  '  |____| .__|_| |_|_| |_\__, | / / / /
 =========|_|==============|___/=/_/_/_/
 :: Spring Boot ::        (v2.1.7.RELEASE)

2020-06-14 17:39:18.980  INFO 52896 --- [    Test worker] c.j.b.s.web.HelloControllerTest          : Starting HelloControllerTest on DESKTOP-OCPV122 with PID 52896 (started by JUSTIAM in C:\Users\JUSTIAM\Desktop\freelec-springboot2-webservice)
2020-06-14 17:39:18.986  INFO 52896 --- [    Test worker] c.j.b.s.web.HelloControllerTest          : No active profile set, falling back to default profiles: default
2020-06-14 17:39:29.981  INFO 52896 --- [    Test worker] o.s.s.concurrent.ThreadPoolTaskExecutor  : Initializing ExecutorService 'applicationTaskExecutor'
2020-06-14 17:39:30.598  INFO 52896 --- [    Test worker] o.s.b.a.w.s.WelcomePageHandlerMapping    : Adding welcome page template: index
2020-06-14 17:39:33.493  INFO 52896 --- [    Test worker] .s.s.UserDetailsServiceAutoConfiguration : 

Using generated security password: 6782f22d-d7e3-4dfd-a6f0-f34dadcfb8fd

2020-06-14 17:39:34.820  INFO 52896 --- [    Test worker] o.s.s.web.DefaultSecurityFilterChain     : Creating filter chain: any request, [org.springframework.security.web.context.request.async.WebAsyncManagerIntegrationFilter@3456f54d, org.springframework.security.web.context.SecurityContextPersistenceFilter@5fbb484f, org.springframework.security.web.header.HeaderWriterFilter@5cef5703, org.springframework.security.web.csrf.CsrfFilter@6966776d, org.springframework.security.web.authentication.logout.LogoutFilter@4d3bf912, org.springframework.security.web.authentication.UsernamePasswordAuthenticationFilter@75d5a56c, org.springframework.security.web.authentication.ui.DefaultLoginPageGeneratingFilter@66d8019a, org.springframework.security.web.authentication.ui.DefaultLogoutPageGeneratingFilter@476df97e, org.springframework.security.web.authentication.www.BasicAuthenticationFilter@53392021, org.springframework.security.web.savedrequest.RequestCacheAwareFilter@2f4fc0a, org.springframework.security.web.servletapi.SecurityContextHolderAwareRequestFilter@2405f418, org.springframework.security.web.authentication.AnonymousAuthenticationFilter@5dcff19a, org.springframework.security.web.session.SessionManagementFilter@6688eec, org.springframework.security.web.access.ExceptionTranslationFilter@2b3ed59f, org.springframework.security.web.access.intercept.FilterSecurityInterceptor@5197cca5]
2020-06-14 17:39:35.210  INFO 52896 --- [    Test worker] o.s.b.t.m.w.SpringBootMockServletContext : Initializing Spring TestDispatcherServlet ''
2020-06-14 17:39:35.211  INFO 52896 --- [    Test worker] o.s.t.web.servlet.TestDispatcherServlet  : Initializing Servlet ''
2020-06-14 17:39:35.478  INFO 52896 --- [    Test worker] o.s.t.web.servlet.TestDispatcherServlet  : Completed initialization in 266 ms
2020-06-14 17:39:35.899  INFO 52896 --- [    Test worker] c.j.b.s.web.HelloControllerTest          : Started HelloControllerTest in 17.534 seconds (JVM running for 120.233)
]]></system-out>
  <system-err><![CDATA[]]></system-err>
</testsuite>
