<?xml version="1.0" encoding="UTF-8"?>
<testsuite name="com.jojoldu.book.springboot.web.HelloControllerTest" tests="2" skipped="0" failures="0" errors="0" timestamp="2020-06-05T07:39:54" hostname="DESKTOP-OCPV122" time="0.745">
  <properties/>
  <testcase name="hello가_리턴된다" classname="com.jojoldu.book.springboot.web.HelloControllerTest" time="0.305"/>
  <testcase name="helloDto가_리턴된다" classname="com.jojoldu.book.springboot.web.HelloControllerTest" time="0.439"/>
  <system-out><![CDATA[2020-06-05 16:39:47.630  INFO 14384 --- [    Test worker] .b.t.a.w.s.WebMvcTestContextBootstrapper : Neither @ContextConfiguration nor @ContextHierarchy found for test class [com.jojoldu.book.springboot.web.HelloControllerTest], using SpringBootContextLoader
2020-06-05 16:39:47.636  INFO 14384 --- [    Test worker] o.s.t.c.support.AbstractContextLoader    : Could not detect default resource locations for test class [com.jojoldu.book.springboot.web.HelloControllerTest]: no resource found for suffixes {-context.xml, Context.groovy}.
2020-06-05 16:39:47.645  INFO 14384 --- [    Test worker] t.c.s.AnnotationConfigContextLoaderUtils : Could not detect default configuration classes for test class [com.jojoldu.book.springboot.web.HelloControllerTest]: HelloControllerTest does not declare any static, non-private, non-final, nested classes annotated with @Configuration.
2020-06-05 16:39:47.812  INFO 14384 --- [    Test worker] .b.t.c.SpringBootTestContextBootstrapper : Found @SpringBootConfiguration com.jojoldu.book.springboot.Application for test class com.jojoldu.book.springboot.web.HelloControllerTest
2020-06-05 16:39:47.814  INFO 14384 --- [    Test worker] .b.t.a.w.s.WebMvcTestContextBootstrapper : Loaded default TestExecutionListener class names from location [META-INF/spring.factories]: [org.springframework.security.test.context.support.WithSecurityContextTestExecutionListener, org.springframework.security.test.context.support.ReactorContextTestExecutionListener, org.springframework.boot.test.autoconfigure.restdocs.RestDocsTestExecutionListener, org.springframework.boot.test.autoconfigure.web.client.MockRestServiceServerResetTestExecutionListener, org.springframework.boot.test.autoconfigure.web.servlet.MockMvcPrintOnlyOnFailureTestExecutionListener, org.springframework.boot.test.autoconfigure.web.servlet.WebDriverTestExecutionListener, org.springframework.boot.test.mock.mockito.MockitoTestExecutionListener, org.springframework.boot.test.mock.mockito.ResetMocksTestExecutionListener, org.springframework.test.context.web.ServletTestExecutionListener, org.springframework.test.context.support.DirtiesContextBeforeModesTestExecutionListener, org.springframework.test.context.support.DependencyInjectionTestExecutionListener, org.springframework.test.context.support.DirtiesContextTestExecutionListener, org.springframework.test.context.transaction.TransactionalTestExecutionListener, org.springframework.test.context.jdbc.SqlScriptsTestExecutionListener]
2020-06-05 16:39:47.819  INFO 14384 --- [    Test worker] .b.t.a.w.s.WebMvcTestContextBootstrapper : Using TestExecutionListeners: [org.springframework.test.context.web.ServletTestExecutionListener@55fdba88, org.springframework.test.context.support.DirtiesContextBeforeModesTestExecutionListener@23ec263e, org.springframework.boot.test.mock.mockito.MockitoTestExecutionListener@29391e36, org.springframework.boot.test.autoconfigure.SpringBootDependencyInjectionTestExecutionListener@824782a, org.springframework.test.context.support.DirtiesContextTestExecutionListener@3035aa5c, org.springframework.test.context.transaction.TransactionalTestExecutionListener@72aaa7b2, org.springframework.test.context.jdbc.SqlScriptsTestExecutionListener@1303cf7f, org.springframework.security.test.context.support.WithSecurityContextTestExecutionListener@38cd001d, org.springframework.security.test.context.support.ReactorContextTestExecutionListener@25372a12, org.springframework.boot.test.autoconfigure.restdocs.RestDocsTestExecutionListener@2879e31, org.springframework.boot.test.autoconfigure.web.client.MockRestServiceServerResetTestExecutionListener@ff2c129, org.springframework.boot.test.autoconfigure.web.servlet.MockMvcPrintOnlyOnFailureTestExecutionListener@5f6ff522, org.springframework.boot.test.autoconfigure.web.servlet.WebDriverTestExecutionListener@43143367, org.springframework.boot.test.mock.mockito.ResetMocksTestExecutionListener@7ddc4b22]

  .   ____          _            __ _ _
 /\\ / ___'_ __ _ _(_)_ __  __ _ \ \ \ \
( ( )\___ | '_ | '_| | '_ \/ _` | \ \ \ \
 \\/  ___)| |_)| | | | | || (_| |  ) ) ) )
  '  |____| .__|_| |_|_| |_\__, | / / / /
 =========|_|==============|___/=/_/_/_/
 :: Spring Boot ::        (v2.1.7.RELEASE)

2020-06-05 16:39:48.222  INFO 14384 --- [    Test worker] c.j.b.s.web.HelloControllerTest          : Starting HelloControllerTest on DESKTOP-OCPV122 with PID 14384 (started by JUSTIAM in C:\Users\JUSTIAM\Desktop\springboot-web-study)
2020-06-05 16:39:48.226  INFO 14384 --- [    Test worker] c.j.b.s.web.HelloControllerTest          : No active profile set, falling back to default profiles: default
2020-06-05 16:39:50.701  INFO 14384 --- [    Test worker] o.s.s.concurrent.ThreadPoolTaskExecutor  : Initializing ExecutorService 'applicationTaskExecutor'
2020-06-05 16:39:50.876  INFO 14384 --- [    Test worker] o.s.b.a.w.s.WelcomePageHandlerMapping    : Adding welcome page template: index
2020-06-05 16:39:52.110  INFO 14384 --- [    Test worker] .s.s.UserDetailsServiceAutoConfiguration : 

Using generated security password: 7c15c2c3-9d1f-4507-939a-798e265012d3

2020-06-05 16:39:53.965  INFO 14384 --- [    Test worker] o.s.s.web.DefaultSecurityFilterChain     : Creating filter chain: any request, [org.springframework.security.web.context.request.async.WebAsyncManagerIntegrationFilter@646b54c8, org.springframework.security.web.context.SecurityContextPersistenceFilter@bfe8272, org.springframework.security.web.header.HeaderWriterFilter@7d0c7d6a, org.springframework.security.web.csrf.CsrfFilter@26f5c3a4, org.springframework.security.web.authentication.logout.LogoutFilter@26b39837, org.springframework.security.web.authentication.UsernamePasswordAuthenticationFilter@4309cc30, org.springframework.security.web.authentication.ui.DefaultLoginPageGeneratingFilter@95bba07, org.springframework.security.web.authentication.ui.DefaultLogoutPageGeneratingFilter@11376d03, org.springframework.security.web.authentication.www.BasicAuthenticationFilter@222e7dcf, org.springframework.security.web.savedrequest.RequestCacheAwareFilter@1944a0a, org.springframework.security.web.servletapi.SecurityContextHolderAwareRequestFilter@1f6d807f, org.springframework.security.web.authentication.AnonymousAuthenticationFilter@4026baef, org.springframework.security.web.session.SessionManagementFilter@75ec798c, org.springframework.security.web.access.ExceptionTranslationFilter@44a9c93e, org.springframework.security.web.access.intercept.FilterSecurityInterceptor@55d8b44a]
2020-06-05 16:39:54.394  INFO 14384 --- [    Test worker] o.s.b.t.m.w.SpringBootMockServletContext : Initializing Spring TestDispatcherServlet ''
2020-06-05 16:39:54.394  INFO 14384 --- [    Test worker] o.s.t.web.servlet.TestDispatcherServlet  : Initializing Servlet ''
2020-06-05 16:39:54.452  INFO 14384 --- [    Test worker] o.s.t.web.servlet.TestDispatcherServlet  : Completed initialization in 58 ms
2020-06-05 16:39:54.581  INFO 14384 --- [    Test worker] c.j.b.s.web.HelloControllerTest          : Started HelloControllerTest in 6.752 seconds (JVM running for 53.051)
]]></system-out>
  <system-err><![CDATA[]]></system-err>
</testsuite>
