<?xml version="1.0" encoding="UTF-8"?>
<testsuite name="com.jojoldu.book.springboot.web.IndexControllerTest" tests="1" skipped="0" failures="0" errors="0" timestamp="2020-06-14T08:40:03" hostname="DESKTOP-OCPV122" time="0.879">
  <properties/>
  <testcase name="메인페이지_로딩" classname="com.jojoldu.book.springboot.web.IndexControllerTest" time="0.879"/>
  <system-out><![CDATA[2020-06-14 17:39:41.866  INFO 52896 --- [    Test worker] .b.t.c.SpringBootTestContextBootstrapper : Neither @ContextConfiguration nor @ContextHierarchy found for test class [com.jojoldu.book.springboot.web.IndexControllerTest], using SpringBootContextLoader
2020-06-14 17:39:41.886  INFO 52896 --- [    Test worker] o.s.t.c.support.AbstractContextLoader    : Could not detect default resource locations for test class [com.jojoldu.book.springboot.web.IndexControllerTest]: no resource found for suffixes {-context.xml, Context.groovy}.
2020-06-14 17:39:41.891  INFO 52896 --- [    Test worker] t.c.s.AnnotationConfigContextLoaderUtils : Could not detect default configuration classes for test class [com.jojoldu.book.springboot.web.IndexControllerTest]: IndexControllerTest does not declare any static, non-private, non-final, nested classes annotated with @Configuration.
2020-06-14 17:39:41.927  INFO 52896 --- [    Test worker] .b.t.c.SpringBootTestContextBootstrapper : Found @SpringBootConfiguration com.jojoldu.book.springboot.Application for test class com.jojoldu.book.springboot.web.IndexControllerTest
2020-06-14 17:39:41.933  INFO 52896 --- [    Test worker] .b.t.c.SpringBootTestContextBootstrapper : Loaded default TestExecutionListener class names from location [META-INF/spring.factories]: [org.springframework.security.test.context.support.WithSecurityContextTestExecutionListener, org.springframework.security.test.context.support.ReactorContextTestExecutionListener, org.springframework.boot.test.autoconfigure.restdocs.RestDocsTestExecutionListener, org.springframework.boot.test.autoconfigure.web.client.MockRestServiceServerResetTestExecutionListener, org.springframework.boot.test.autoconfigure.web.servlet.MockMvcPrintOnlyOnFailureTestExecutionListener, org.springframework.boot.test.autoconfigure.web.servlet.WebDriverTestExecutionListener, org.springframework.boot.test.mock.mockito.MockitoTestExecutionListener, org.springframework.boot.test.mock.mockito.ResetMocksTestExecutionListener, org.springframework.test.context.web.ServletTestExecutionListener, org.springframework.test.context.support.DirtiesContextBeforeModesTestExecutionListener, org.springframework.test.context.support.DependencyInjectionTestExecutionListener, org.springframework.test.context.support.DirtiesContextTestExecutionListener, org.springframework.test.context.transaction.TransactionalTestExecutionListener, org.springframework.test.context.jdbc.SqlScriptsTestExecutionListener]
2020-06-14 17:39:41.936  INFO 52896 --- [    Test worker] .b.t.c.SpringBootTestContextBootstrapper : Using TestExecutionListeners: [org.springframework.test.context.web.ServletTestExecutionListener@656ea472, org.springframework.test.context.support.DirtiesContextBeforeModesTestExecutionListener@58ea4b38, org.springframework.boot.test.mock.mockito.MockitoTestExecutionListener@6d6eccde, org.springframework.boot.test.autoconfigure.SpringBootDependencyInjectionTestExecutionListener@7f7fd620, org.springframework.test.context.support.DirtiesContextTestExecutionListener@6fa2b089, org.springframework.test.context.transaction.TransactionalTestExecutionListener@659b85ce, org.springframework.test.context.jdbc.SqlScriptsTestExecutionListener@7e88ad9f, org.springframework.security.test.context.support.WithSecurityContextTestExecutionListener@7f47aab8, org.springframework.security.test.context.support.ReactorContextTestExecutionListener@51b6b21, org.springframework.boot.test.autoconfigure.restdocs.RestDocsTestExecutionListener@3c973bb9, org.springframework.boot.test.autoconfigure.web.client.MockRestServiceServerResetTestExecutionListener@7c89de1, org.springframework.boot.test.autoconfigure.web.servlet.MockMvcPrintOnlyOnFailureTestExecutionListener@4518e5ca, org.springframework.boot.test.autoconfigure.web.servlet.WebDriverTestExecutionListener@1b04dc2b, org.springframework.boot.test.mock.mockito.ResetMocksTestExecutionListener@1e4b7601]

  .   ____          _            __ _ _
 /\\ / ___'_ __ _ _(_)_ __  __ _ \ \ \ \
( ( )\___ | '_ | '_| | '_ \/ _` | \ \ \ \
 \\/  ___)| |_)| | | | | || (_| |  ) ) ) )
  '  |____| .__|_| |_|_| |_\__, | / / / /
 =========|_|==============|___/=/_/_/_/
 :: Spring Boot ::        (v2.1.7.RELEASE)

2020-06-14 17:39:42.593  INFO 52896 --- [    Test worker] c.j.b.s.web.IndexControllerTest          : Starting IndexControllerTest on DESKTOP-OCPV122 with PID 52896 (started by JUSTIAM in C:\Users\JUSTIAM\Desktop\freelec-springboot2-webservice)
2020-06-14 17:39:42.594  INFO 52896 --- [    Test worker] c.j.b.s.web.IndexControllerTest          : No active profile set, falling back to default profiles: default
2020-06-14 17:39:48.083  INFO 52896 --- [    Test worker] .s.d.r.c.RepositoryConfigurationDelegate : Bootstrapping Spring Data repositories in DEFAULT mode.
2020-06-14 17:39:48.454  INFO 52896 --- [    Test worker] .s.d.r.c.RepositoryConfigurationDelegate : Finished Spring Data repository scanning in 366ms. Found 2 repository interfaces.
2020-06-14 17:39:49.366  INFO 52896 --- [    Test worker] trationDelegate$BeanPostProcessorChecker : Bean 'org.springframework.transaction.annotation.ProxyTransactionManagementConfiguration' of type [org.springframework.transaction.annotation.ProxyTransactionManagementConfiguration$$EnhancerBySpringCGLIB$$1fad9875] is not eligible for getting processed by all BeanPostProcessors (for example: not eligible for auto-proxying)
2020-06-14 17:39:55.533  INFO 52896 --- [    Test worker] o.s.b.w.embedded.tomcat.TomcatWebServer  : Tomcat initialized with port(s): 0 (http)
2020-06-14 17:39:55.772  INFO 52896 --- [    Test worker] o.apache.catalina.core.StandardService   : Starting service [Tomcat]
2020-06-14 17:39:55.773  INFO 52896 --- [    Test worker] org.apache.catalina.core.StandardEngine  : Starting Servlet engine: [Apache Tomcat/9.0.22]
2020-06-14 17:39:56.770  INFO 52896 --- [    Test worker] o.a.c.c.C.[Tomcat].[localhost].[/]       : Initializing Spring embedded WebApplicationContext
2020-06-14 17:39:56.771  INFO 52896 --- [    Test worker] o.s.web.context.ContextLoader            : Root WebApplicationContext: initialization completed in 14112 ms
2020-06-14 17:39:57.666  INFO 52896 --- [    Test worker] com.zaxxer.hikari.HikariDataSource       : HikariPool-2 - Starting...
2020-06-14 17:39:57.690  INFO 52896 --- [    Test worker] com.zaxxer.hikari.HikariDataSource       : HikariPool-2 - Start completed.
2020-06-14 17:39:57.954  INFO 52896 --- [    Test worker] o.hibernate.jpa.internal.util.LogHelper  : HHH000204: Processing PersistenceUnitInfo [
	name: default
	...]
2020-06-14 17:39:58.074  INFO 52896 --- [    Test worker] org.hibernate.dialect.Dialect            : HHH000400: Using dialect: org.hibernate.dialect.MySQL5InnoDBDialect
Hibernate: drop table if exists posts
Hibernate: drop table if exists user
Hibernate: create table posts (id bigint not null auto_increment, created_date datetime, modified_date datetime, author varchar(255), content TEXT not null, title varchar(500) not null, primary key (id)) engine=InnoDB
Hibernate: create table user (id bigint not null auto_increment, created_date datetime, modified_date datetime, email varchar(255) not null, name varchar(255) not null, picture varchar(255), role varchar(255) not null, primary key (id)) engine=InnoDB
2020-06-14 17:39:59.052  INFO 52896 --- [    Test worker] o.h.t.schema.internal.SchemaCreatorImpl  : HHH000476: Executing import script 'org.hibernate.tool.schema.internal.exec.ScriptSourceInputNonExistentImpl@44831a96'
2020-06-14 17:39:59.054  INFO 52896 --- [    Test worker] j.LocalContainerEntityManagerFactoryBean : Initialized JPA EntityManagerFactory for persistence unit 'default'
2020-06-14 17:40:01.314  INFO 52896 --- [    Test worker] o.h.h.i.QueryTranslatorFactoryInitiator  : HHH000397: Using ASTQueryTranslatorFactory
2020-06-14 17:40:02.025  INFO 52896 --- [    Test worker] o.s.s.web.DefaultSecurityFilterChain     : Creating filter chain: any request, [org.springframework.security.web.context.request.async.WebAsyncManagerIntegrationFilter@41e8a7a6, org.springframework.security.web.context.SecurityContextPersistenceFilter@39e13e1c, org.springframework.security.web.header.HeaderWriterFilter@6978195e, org.springframework.security.web.authentication.logout.LogoutFilter@25e829e2, org.springframework.security.oauth2.client.web.OAuth2AuthorizationRequestRedirectFilter@27f6f2ec, org.springframework.security.oauth2.client.web.OAuth2LoginAuthenticationFilter@789a9e47, org.springframework.security.web.authentication.ui.DefaultLoginPageGeneratingFilter@1549e489, org.springframework.security.web.authentication.ui.DefaultLogoutPageGeneratingFilter@71f56057, org.springframework.security.web.savedrequest.RequestCacheAwareFilter@13d7ebd8, org.springframework.security.web.servletapi.SecurityContextHolderAwareRequestFilter@3a4cb215, org.springframework.security.web.authentication.AnonymousAuthenticationFilter@61049d17, org.springframework.security.web.session.SessionManagementFilter@17770bae, org.springframework.security.web.access.ExceptionTranslationFilter@61e96ea6, org.springframework.security.web.access.intercept.FilterSecurityInterceptor@74b882be]
2020-06-14 17:40:02.658  INFO 52896 --- [    Test worker] o.s.s.concurrent.ThreadPoolTaskExecutor  : Initializing ExecutorService 'applicationTaskExecutor'
2020-06-14 17:40:02.716  WARN 52896 --- [    Test worker] aWebConfiguration$JpaWebMvcConfiguration : spring.jpa.open-in-view is enabled by default. Therefore, database queries may be performed during view rendering. Explicitly configure spring.jpa.open-in-view to disable this warning
2020-06-14 17:40:02.801  INFO 52896 --- [    Test worker] o.s.b.a.w.s.WelcomePageHandlerMapping    : Adding welcome page template: index
2020-06-14 17:40:03.866  INFO 52896 --- [    Test worker] s.a.ScheduledAnnotationBeanPostProcessor : No TaskScheduler/ScheduledExecutorService bean found for scheduled processing
2020-06-14 17:40:03.962  INFO 52896 --- [    Test worker] o.s.b.w.embedded.tomcat.TomcatWebServer  : Tomcat started on port(s): 49730 (http) with context path ''
2020-06-14 17:40:03.968  INFO 52896 --- [    Test worker] c.j.b.s.web.IndexControllerTest          : Started IndexControllerTest in 22.018 seconds (JVM running for 148.302)
2020-06-14 17:40:04.353  INFO 52896 --- [o-auto-1-exec-1] o.a.c.c.C.[Tomcat].[localhost].[/]       : Initializing Spring DispatcherServlet 'dispatcherServlet'
2020-06-14 17:40:04.354  INFO 52896 --- [o-auto-1-exec-1] o.s.web.servlet.DispatcherServlet        : Initializing Servlet 'dispatcherServlet'
2020-06-14 17:40:04.426  INFO 52896 --- [o-auto-1-exec-1] o.s.web.servlet.DispatcherServlet        : Completed initialization in 72 ms
Hibernate: select posts0_.id as id1_0_, posts0_.created_date as created_2_0_, posts0_.modified_date as modified3_0_, posts0_.author as author4_0_, posts0_.content as content5_0_, posts0_.title as title6_0_ from posts posts0_ order by posts0_.id DESC
]]></system-out>
  <system-err><![CDATA[]]></system-err>
</testsuite>
